<?xml version="1.0" encoding="UTF-8"?>
<!-- Generated by org.testng.reporters.JUnitReportReporter -->
<testsuite hostname="LAPTOP-G1PV7KM6" failures="0" tests="1" name="Test.day1" time="0.011" errors="0" timestamp="2024-04-17T01:03:51 IST" skipped="0">
  <testcase classname="Test.day1" name="demo" time="0.011"/>
  <system-out/>
</testsuite> <!-- Test.day1 -->
