<?xml version="1.0" encoding="UTF-8"?>
<!-- Generated by org.testng.reporters.JUnitReportReporter -->
<testsuite hostname="LAPTOP-G1PV7KM6" failures="0" tests="2" name="Test.Day3" time="0.002" errors="0" timestamp="2024-04-17T01:03:51 IST" skipped="0">
  <testcase classname="Test.Day3" name="day3" time="0.001"/>
  <system-out/>
  <testcase classname="Test.Day3" name="day3m" time="0.001"/>
  <system-out/>
</testsuite> <!-- Test.Day3 -->
